[DEBUG][22-05-05][org.apache.ibatis.logging.LogFactory]Logging initialized using 'class org.apache.ibatis.logging.log4j.Log4jImpl' adapter.
[DEBUG][22-05-05][org.apache.ibatis.io.VFS]Class not found: org.jboss.vfs.VFS
[DEBUG][22-05-05][org.apache.ibatis.io.JBoss6VFS]JBoss 6 VFS API is not available in this environment.
[DEBUG][22-05-05][org.apache.ibatis.io.VFS]Class not found: org.jboss.vfs.VirtualFile
[DEBUG][22-05-05][org.apache.ibatis.io.VFS]VFS implementation org.apache.ibatis.io.JBoss6VFS is not valid in this environment.
[DEBUG][22-05-05][org.apache.ibatis.io.VFS]Using VFS adapter org.apache.ibatis.io.DefaultVFS
[DEBUG][22-05-05][org.apache.ibatis.datasource.pooled.PooledDataSource]PooledDataSource forcefully closed/removed all connections.
[DEBUG][22-05-05][org.apache.ibatis.datasource.pooled.PooledDataSource]PooledDataSource forcefully closed/removed all connections.
[DEBUG][22-05-05][org.apache.ibatis.datasource.pooled.PooledDataSource]PooledDataSource forcefully closed/removed all connections.
[DEBUG][22-05-05][org.apache.ibatis.datasource.pooled.PooledDataSource]PooledDataSource forcefully closed/removed all connections.
[DEBUG][22-05-05][org.apache.ibatis.logging.LogFactory]Logging initialized using 'class org.apache.ibatis.logging.log4j.Log4jImpl' adapter.
[DEBUG][22-05-05][org.apache.ibatis.io.VFS]Class not found: org.jboss.vfs.VFS
[DEBUG][22-05-05][org.apache.ibatis.io.JBoss6VFS]JBoss 6 VFS API is not available in this environment.
[DEBUG][22-05-05][org.apache.ibatis.io.VFS]Class not found: org.jboss.vfs.VirtualFile
[DEBUG][22-05-05][org.apache.ibatis.io.VFS]VFS implementation org.apache.ibatis.io.JBoss6VFS is not valid in this environment.
[DEBUG][22-05-05][org.apache.ibatis.io.VFS]Using VFS adapter org.apache.ibatis.io.DefaultVFS
[DEBUG][22-05-05][org.apache.ibatis.datasource.pooled.PooledDataSource]PooledDataSource forcefully closed/removed all connections.
[DEBUG][22-05-05][org.apache.ibatis.datasource.pooled.PooledDataSource]PooledDataSource forcefully closed/removed all connections.
[DEBUG][22-05-05][org.apache.ibatis.datasource.pooled.PooledDataSource]PooledDataSource forcefully closed/removed all connections.
[DEBUG][22-05-05][org.apache.ibatis.datasource.pooled.PooledDataSource]PooledDataSource forcefully closed/removed all connections.
[DEBUG][22-05-05][org.apache.ibatis.logging.LogFactory]Logging initialized using 'class org.apache.ibatis.logging.log4j.Log4jImpl' adapter.
[DEBUG][22-05-05][org.apache.ibatis.io.VFS]Class not found: org.jboss.vfs.VFS
[DEBUG][22-05-05][org.apache.ibatis.io.JBoss6VFS]JBoss 6 VFS API is not available in this environment.
[DEBUG][22-05-05][org.apache.ibatis.io.VFS]Class not found: org.jboss.vfs.VirtualFile
[DEBUG][22-05-05][org.apache.ibatis.io.VFS]VFS implementation org.apache.ibatis.io.JBoss6VFS is not valid in this environment.
[DEBUG][22-05-05][org.apache.ibatis.io.VFS]Using VFS adapter org.apache.ibatis.io.DefaultVFS
[DEBUG][22-05-05][org.apache.ibatis.datasource.pooled.PooledDataSource]PooledDataSource forcefully closed/removed all connections.
[DEBUG][22-05-05][org.apache.ibatis.datasource.pooled.PooledDataSource]PooledDataSource forcefully closed/removed all connections.
[DEBUG][22-05-05][org.apache.ibatis.datasource.pooled.PooledDataSource]PooledDataSource forcefully closed/removed all connections.
[DEBUG][22-05-05][org.apache.ibatis.datasource.pooled.PooledDataSource]PooledDataSource forcefully closed/removed all connections.
[DEBUG][22-05-05][org.apache.ibatis.logging.LogFactory]Logging initialized using 'class org.apache.ibatis.logging.log4j.Log4jImpl' adapter.
[DEBUG][22-05-05][org.apache.ibatis.io.VFS]Class not found: org.jboss.vfs.VFS
[DEBUG][22-05-05][org.apache.ibatis.io.JBoss6VFS]JBoss 6 VFS API is not available in this environment.
[DEBUG][22-05-05][org.apache.ibatis.io.VFS]Class not found: org.jboss.vfs.VirtualFile
[DEBUG][22-05-05][org.apache.ibatis.io.VFS]VFS implementation org.apache.ibatis.io.JBoss6VFS is not valid in this environment.
[DEBUG][22-05-05][org.apache.ibatis.io.VFS]Using VFS adapter org.apache.ibatis.io.DefaultVFS
[DEBUG][22-05-05][org.apache.ibatis.datasource.pooled.PooledDataSource]PooledDataSource forcefully closed/removed all connections.
[DEBUG][22-05-05][org.apache.ibatis.datasource.pooled.PooledDataSource]PooledDataSource forcefully closed/removed all connections.
[DEBUG][22-05-05][org.apache.ibatis.datasource.pooled.PooledDataSource]PooledDataSource forcefully closed/removed all connections.
[DEBUG][22-05-05][org.apache.ibatis.datasource.pooled.PooledDataSource]PooledDataSource forcefully closed/removed all connections.
[DEBUG][22-05-05][org.apache.ibatis.logging.LogFactory]Logging initialized using 'class org.apache.ibatis.logging.log4j.Log4jImpl' adapter.
[DEBUG][22-05-05][org.apache.ibatis.io.VFS]Class not found: org.jboss.vfs.VFS
[DEBUG][22-05-05][org.apache.ibatis.io.JBoss6VFS]JBoss 6 VFS API is not available in this environment.
[DEBUG][22-05-05][org.apache.ibatis.io.VFS]Class not found: org.jboss.vfs.VirtualFile
[DEBUG][22-05-05][org.apache.ibatis.io.VFS]VFS implementation org.apache.ibatis.io.JBoss6VFS is not valid in this environment.
[DEBUG][22-05-05][org.apache.ibatis.io.VFS]Using VFS adapter org.apache.ibatis.io.DefaultVFS
[DEBUG][22-05-05][org.apache.ibatis.datasource.pooled.PooledDataSource]PooledDataSource forcefully closed/removed all connections.
[DEBUG][22-05-05][org.apache.ibatis.datasource.pooled.PooledDataSource]PooledDataSource forcefully closed/removed all connections.
[DEBUG][22-05-05][org.apache.ibatis.datasource.pooled.PooledDataSource]PooledDataSource forcefully closed/removed all connections.
[DEBUG][22-05-05][org.apache.ibatis.datasource.pooled.PooledDataSource]PooledDataSource forcefully closed/removed all connections.
[DEBUG][22-05-05][org.apache.ibatis.logging.LogFactory]Logging initialized using 'class org.apache.ibatis.logging.log4j.Log4jImpl' adapter.
[DEBUG][22-05-05][org.apache.ibatis.io.VFS]Class not found: org.jboss.vfs.VFS
[DEBUG][22-05-05][org.apache.ibatis.io.JBoss6VFS]JBoss 6 VFS API is not available in this environment.
[DEBUG][22-05-05][org.apache.ibatis.io.VFS]Class not found: org.jboss.vfs.VirtualFile
[DEBUG][22-05-05][org.apache.ibatis.io.VFS]VFS implementation org.apache.ibatis.io.JBoss6VFS is not valid in this environment.
[DEBUG][22-05-05][org.apache.ibatis.io.VFS]Using VFS adapter org.apache.ibatis.io.DefaultVFS
[DEBUG][22-05-05][org.apache.ibatis.datasource.pooled.PooledDataSource]PooledDataSource forcefully closed/removed all connections.
[DEBUG][22-05-05][org.apache.ibatis.datasource.pooled.PooledDataSource]PooledDataSource forcefully closed/removed all connections.
[DEBUG][22-05-05][org.apache.ibatis.datasource.pooled.PooledDataSource]PooledDataSource forcefully closed/removed all connections.
[DEBUG][22-05-05][org.apache.ibatis.datasource.pooled.PooledDataSource]PooledDataSource forcefully closed/removed all connections.
[DEBUG][22-05-05][org.apache.ibatis.logging.LogFactory]Logging initialized using 'class org.apache.ibatis.logging.log4j.Log4jImpl' adapter.
[DEBUG][22-05-05][org.apache.ibatis.io.VFS]Class not found: org.jboss.vfs.VFS
[DEBUG][22-05-05][org.apache.ibatis.io.JBoss6VFS]JBoss 6 VFS API is not available in this environment.
[DEBUG][22-05-05][org.apache.ibatis.io.VFS]Class not found: org.jboss.vfs.VirtualFile
[DEBUG][22-05-05][org.apache.ibatis.io.VFS]VFS implementation org.apache.ibatis.io.JBoss6VFS is not valid in this environment.
[DEBUG][22-05-05][org.apache.ibatis.io.VFS]Using VFS adapter org.apache.ibatis.io.DefaultVFS
[DEBUG][22-05-05][org.apache.ibatis.datasource.pooled.PooledDataSource]PooledDataSource forcefully closed/removed all connections.
[DEBUG][22-05-05][org.apache.ibatis.datasource.pooled.PooledDataSource]PooledDataSource forcefully closed/removed all connections.
[DEBUG][22-05-05][org.apache.ibatis.datasource.pooled.PooledDataSource]PooledDataSource forcefully closed/removed all connections.
[DEBUG][22-05-05][org.apache.ibatis.datasource.pooled.PooledDataSource]PooledDataSource forcefully closed/removed all connections.
[DEBUG][22-05-05][org.apache.ibatis.logging.LogFactory]Logging initialized using 'class org.apache.ibatis.logging.log4j.Log4jImpl' adapter.
[DEBUG][22-05-05][org.apache.ibatis.io.VFS]Class not found: org.jboss.vfs.VFS
[DEBUG][22-05-05][org.apache.ibatis.io.JBoss6VFS]JBoss 6 VFS API is not available in this environment.
[DEBUG][22-05-05][org.apache.ibatis.io.VFS]Class not found: org.jboss.vfs.VirtualFile
[DEBUG][22-05-05][org.apache.ibatis.io.VFS]VFS implementation org.apache.ibatis.io.JBoss6VFS is not valid in this environment.
[DEBUG][22-05-05][org.apache.ibatis.io.VFS]Using VFS adapter org.apache.ibatis.io.DefaultVFS
[DEBUG][22-05-05][org.apache.ibatis.datasource.pooled.PooledDataSource]PooledDataSource forcefully closed/removed all connections.
[DEBUG][22-05-05][org.apache.ibatis.datasource.pooled.PooledDataSource]PooledDataSource forcefully closed/removed all connections.
[DEBUG][22-05-05][org.apache.ibatis.datasource.pooled.PooledDataSource]PooledDataSource forcefully closed/removed all connections.
[DEBUG][22-05-05][org.apache.ibatis.datasource.pooled.PooledDataSource]PooledDataSource forcefully closed/removed all connections.
[DEBUG][22-05-05][org.apache.ibatis.logging.LogFactory]Logging initialized using 'class org.apache.ibatis.logging.log4j.Log4jImpl' adapter.
[DEBUG][22-05-05][org.apache.ibatis.io.VFS]Class not found: org.jboss.vfs.VFS
[DEBUG][22-05-05][org.apache.ibatis.io.JBoss6VFS]JBoss 6 VFS API is not available in this environment.
[DEBUG][22-05-05][org.apache.ibatis.io.VFS]Class not found: org.jboss.vfs.VirtualFile
[DEBUG][22-05-05][org.apache.ibatis.io.VFS]VFS implementation org.apache.ibatis.io.JBoss6VFS is not valid in this environment.
[DEBUG][22-05-05][org.apache.ibatis.io.VFS]Using VFS adapter org.apache.ibatis.io.DefaultVFS
[DEBUG][22-05-05][org.apache.ibatis.datasource.pooled.PooledDataSource]PooledDataSource forcefully closed/removed all connections.
[DEBUG][22-05-05][org.apache.ibatis.datasource.pooled.PooledDataSource]PooledDataSource forcefully closed/removed all connections.
[DEBUG][22-05-05][org.apache.ibatis.datasource.pooled.PooledDataSource]PooledDataSource forcefully closed/removed all connections.
[DEBUG][22-05-05][org.apache.ibatis.datasource.pooled.PooledDataSource]PooledDataSource forcefully closed/removed all connections.
[DEBUG][22-05-05][org.apache.ibatis.logging.LogFactory]Logging initialized using 'class org.apache.ibatis.logging.log4j.Log4jImpl' adapter.
[DEBUG][22-05-05][org.apache.ibatis.io.VFS]Class not found: org.jboss.vfs.VFS
[DEBUG][22-05-05][org.apache.ibatis.io.JBoss6VFS]JBoss 6 VFS API is not available in this environment.
[DEBUG][22-05-05][org.apache.ibatis.io.VFS]Class not found: org.jboss.vfs.VirtualFile
[DEBUG][22-05-05][org.apache.ibatis.io.VFS]VFS implementation org.apache.ibatis.io.JBoss6VFS is not valid in this environment.
[DEBUG][22-05-05][org.apache.ibatis.io.VFS]Using VFS adapter org.apache.ibatis.io.DefaultVFS
[DEBUG][22-05-05][org.apache.ibatis.datasource.pooled.PooledDataSource]PooledDataSource forcefully closed/removed all connections.
[DEBUG][22-05-05][org.apache.ibatis.datasource.pooled.PooledDataSource]PooledDataSource forcefully closed/removed all connections.
[DEBUG][22-05-05][org.apache.ibatis.datasource.pooled.PooledDataSource]PooledDataSource forcefully closed/removed all connections.
[DEBUG][22-05-05][org.apache.ibatis.datasource.pooled.PooledDataSource]PooledDataSource forcefully closed/removed all connections.
[DEBUG][22-05-05][org.apache.ibatis.datasource.pooled.PooledDataSource]PooledDataSource forcefully closed/removed all connections.
[DEBUG][22-05-05][org.apache.ibatis.logging.LogFactory]Logging initialized using 'class org.apache.ibatis.logging.log4j.Log4jImpl' adapter.
[DEBUG][22-05-05][org.apache.ibatis.io.VFS]Class not found: org.jboss.vfs.VFS
[DEBUG][22-05-05][org.apache.ibatis.io.JBoss6VFS]JBoss 6 VFS API is not available in this environment.
[DEBUG][22-05-05][org.apache.ibatis.io.VFS]Class not found: org.jboss.vfs.VirtualFile
[DEBUG][22-05-05][org.apache.ibatis.io.VFS]VFS implementation org.apache.ibatis.io.JBoss6VFS is not valid in this environment.
[DEBUG][22-05-05][org.apache.ibatis.io.VFS]Using VFS adapter org.apache.ibatis.io.DefaultVFS
[DEBUG][22-05-05][org.apache.ibatis.datasource.pooled.PooledDataSource]PooledDataSource forcefully closed/removed all connections.
[DEBUG][22-05-05][org.apache.ibatis.datasource.pooled.PooledDataSource]PooledDataSource forcefully closed/removed all connections.
[DEBUG][22-05-05][org.apache.ibatis.datasource.pooled.PooledDataSource]PooledDataSource forcefully closed/removed all connections.
[DEBUG][22-05-05][org.apache.ibatis.datasource.pooled.PooledDataSource]PooledDataSource forcefully closed/removed all connections.
[DEBUG][22-05-05][org.apache.ibatis.datasource.pooled.PooledDataSource]PooledDataSource forcefully closed/removed all connections.
[DEBUG][22-05-05][org.apache.ibatis.logging.LogFactory]Logging initialized using 'class org.apache.ibatis.logging.log4j.Log4jImpl' adapter.
[DEBUG][22-05-05][org.apache.ibatis.io.VFS]Class not found: org.jboss.vfs.VFS
[DEBUG][22-05-05][org.apache.ibatis.io.JBoss6VFS]JBoss 6 VFS API is not available in this environment.
[DEBUG][22-05-05][org.apache.ibatis.io.VFS]Class not found: org.jboss.vfs.VirtualFile
[DEBUG][22-05-05][org.apache.ibatis.io.VFS]VFS implementation org.apache.ibatis.io.JBoss6VFS is not valid in this environment.
[DEBUG][22-05-05][org.apache.ibatis.io.VFS]Using VFS adapter org.apache.ibatis.io.DefaultVFS
[DEBUG][22-05-05][org.apache.ibatis.datasource.pooled.PooledDataSource]PooledDataSource forcefully closed/removed all connections.
[DEBUG][22-05-05][org.apache.ibatis.datasource.pooled.PooledDataSource]PooledDataSource forcefully closed/removed all connections.
[DEBUG][22-05-05][org.apache.ibatis.datasource.pooled.PooledDataSource]PooledDataSource forcefully closed/removed all connections.
[DEBUG][22-05-05][org.apache.ibatis.datasource.pooled.PooledDataSource]PooledDataSource forcefully closed/removed all connections.
[DEBUG][22-05-05][org.apache.ibatis.logging.LogFactory]Logging initialized using 'class org.apache.ibatis.logging.log4j.Log4jImpl' adapter.
[DEBUG][22-05-05][org.apache.ibatis.io.VFS]Class not found: org.jboss.vfs.VFS
[DEBUG][22-05-05][org.apache.ibatis.io.JBoss6VFS]JBoss 6 VFS API is not available in this environment.
[DEBUG][22-05-05][org.apache.ibatis.io.VFS]Class not found: org.jboss.vfs.VirtualFile
[DEBUG][22-05-05][org.apache.ibatis.io.VFS]VFS implementation org.apache.ibatis.io.JBoss6VFS is not valid in this environment.
[DEBUG][22-05-05][org.apache.ibatis.io.VFS]Using VFS adapter org.apache.ibatis.io.DefaultVFS
[DEBUG][22-05-05][org.apache.ibatis.datasource.pooled.PooledDataSource]PooledDataSource forcefully closed/removed all connections.
[DEBUG][22-05-05][org.apache.ibatis.datasource.pooled.PooledDataSource]PooledDataSource forcefully closed/removed all connections.
[DEBUG][22-05-05][org.apache.ibatis.datasource.pooled.PooledDataSource]PooledDataSource forcefully closed/removed all connections.
[DEBUG][22-05-05][org.apache.ibatis.datasource.pooled.PooledDataSource]PooledDataSource forcefully closed/removed all connections.
[DEBUG][22-05-05][org.apache.ibatis.datasource.pooled.PooledDataSource]PooledDataSource forcefully closed/removed all connections.
[DEBUG][22-05-05][org.apache.ibatis.logging.LogFactory]Logging initialized using 'class org.apache.ibatis.logging.log4j.Log4jImpl' adapter.
[DEBUG][22-05-05][org.apache.ibatis.io.VFS]Class not found: org.jboss.vfs.VFS
[DEBUG][22-05-05][org.apache.ibatis.io.JBoss6VFS]JBoss 6 VFS API is not available in this environment.
[DEBUG][22-05-05][org.apache.ibatis.io.VFS]Class not found: org.jboss.vfs.VirtualFile
[DEBUG][22-05-05][org.apache.ibatis.io.VFS]VFS implementation org.apache.ibatis.io.JBoss6VFS is not valid in this environment.
[DEBUG][22-05-05][org.apache.ibatis.io.VFS]Using VFS adapter org.apache.ibatis.io.DefaultVFS
[DEBUG][22-05-05][org.apache.ibatis.datasource.pooled.PooledDataSource]PooledDataSource forcefully closed/removed all connections.
[DEBUG][22-05-05][org.apache.ibatis.datasource.pooled.PooledDataSource]PooledDataSource forcefully closed/removed all connections.
[DEBUG][22-05-05][org.apache.ibatis.datasource.pooled.PooledDataSource]PooledDataSource forcefully closed/removed all connections.
[DEBUG][22-05-05][org.apache.ibatis.datasource.pooled.PooledDataSource]PooledDataSource forcefully closed/removed all connections.
[DEBUG][22-05-05][org.apache.ibatis.datasource.pooled.PooledDataSource]PooledDataSource forcefully closed/removed all connections.
[DEBUG][22-05-05][org.apache.ibatis.logging.LogFactory]Logging initialized using 'class org.apache.ibatis.logging.log4j.Log4jImpl' adapter.
[DEBUG][22-05-05][org.apache.ibatis.io.VFS]Class not found: org.jboss.vfs.VFS
[DEBUG][22-05-05][org.apache.ibatis.io.JBoss6VFS]JBoss 6 VFS API is not available in this environment.
[DEBUG][22-05-05][org.apache.ibatis.io.VFS]Class not found: org.jboss.vfs.VirtualFile
[DEBUG][22-05-05][org.apache.ibatis.io.VFS]VFS implementation org.apache.ibatis.io.JBoss6VFS is not valid in this environment.
[DEBUG][22-05-05][org.apache.ibatis.io.VFS]Using VFS adapter org.apache.ibatis.io.DefaultVFS
[DEBUG][22-05-05][org.apache.ibatis.datasource.pooled.PooledDataSource]PooledDataSource forcefully closed/removed all connections.
[DEBUG][22-05-05][org.apache.ibatis.datasource.pooled.PooledDataSource]PooledDataSource forcefully closed/removed all connections.
[DEBUG][22-05-05][org.apache.ibatis.datasource.pooled.PooledDataSource]PooledDataSource forcefully closed/removed all connections.
[DEBUG][22-05-05][org.apache.ibatis.datasource.pooled.PooledDataSource]PooledDataSource forcefully closed/removed all connections.
[DEBUG][22-05-05][org.apache.ibatis.datasource.pooled.PooledDataSource]PooledDataSource forcefully closed/removed all connections.
[DEBUG][22-05-05][org.apache.ibatis.logging.LogFactory]Logging initialized using 'class org.apache.ibatis.logging.log4j.Log4jImpl' adapter.
[DEBUG][22-05-05][org.apache.ibatis.io.VFS]Class not found: org.jboss.vfs.VFS
[DEBUG][22-05-05][org.apache.ibatis.io.JBoss6VFS]JBoss 6 VFS API is not available in this environment.
[DEBUG][22-05-05][org.apache.ibatis.io.VFS]Class not found: org.jboss.vfs.VirtualFile
[DEBUG][22-05-05][org.apache.ibatis.io.VFS]VFS implementation org.apache.ibatis.io.JBoss6VFS is not valid in this environment.
[DEBUG][22-05-05][org.apache.ibatis.io.VFS]Using VFS adapter org.apache.ibatis.io.DefaultVFS
[DEBUG][22-05-05][org.apache.ibatis.datasource.pooled.PooledDataSource]PooledDataSource forcefully closed/removed all connections.
[DEBUG][22-05-05][org.apache.ibatis.datasource.pooled.PooledDataSource]PooledDataSource forcefully closed/removed all connections.
[DEBUG][22-05-05][org.apache.ibatis.datasource.pooled.PooledDataSource]PooledDataSource forcefully closed/removed all connections.
[DEBUG][22-05-05][org.apache.ibatis.datasource.pooled.PooledDataSource]PooledDataSource forcefully closed/removed all connections.
[DEBUG][22-05-05][org.apache.ibatis.datasource.pooled.PooledDataSource]PooledDataSource forcefully closed/removed all connections.
[DEBUG][22-05-05][org.apache.ibatis.logging.LogFactory]Logging initialized using 'class org.apache.ibatis.logging.log4j.Log4jImpl' adapter.
[DEBUG][22-05-05][org.apache.ibatis.io.VFS]Class not found: org.jboss.vfs.VFS
[DEBUG][22-05-05][org.apache.ibatis.io.JBoss6VFS]JBoss 6 VFS API is not available in this environment.
[DEBUG][22-05-05][org.apache.ibatis.io.VFS]Class not found: org.jboss.vfs.VirtualFile
[DEBUG][22-05-05][org.apache.ibatis.io.VFS]VFS implementation org.apache.ibatis.io.JBoss6VFS is not valid in this environment.
[DEBUG][22-05-05][org.apache.ibatis.io.VFS]Using VFS adapter org.apache.ibatis.io.DefaultVFS
[DEBUG][22-05-05][org.apache.ibatis.datasource.pooled.PooledDataSource]PooledDataSource forcefully closed/removed all connections.
[DEBUG][22-05-05][org.apache.ibatis.datasource.pooled.PooledDataSource]PooledDataSource forcefully closed/removed all connections.
[DEBUG][22-05-05][org.apache.ibatis.datasource.pooled.PooledDataSource]PooledDataSource forcefully closed/removed all connections.
[DEBUG][22-05-05][org.apache.ibatis.datasource.pooled.PooledDataSource]PooledDataSource forcefully closed/removed all connections.
[DEBUG][22-05-05][org.apache.ibatis.datasource.pooled.PooledDataSource]PooledDataSource forcefully closed/removed all connections.
[DEBUG][22-05-05][org.apache.ibatis.logging.LogFactory]Logging initialized using 'class org.apache.ibatis.logging.log4j.Log4jImpl' adapter.
[DEBUG][22-05-05][org.apache.ibatis.io.VFS]Class not found: org.jboss.vfs.VFS
[DEBUG][22-05-05][org.apache.ibatis.io.JBoss6VFS]JBoss 6 VFS API is not available in this environment.
[DEBUG][22-05-05][org.apache.ibatis.io.VFS]Class not found: org.jboss.vfs.VirtualFile
[DEBUG][22-05-05][org.apache.ibatis.io.VFS]VFS implementation org.apache.ibatis.io.JBoss6VFS is not valid in this environment.
[DEBUG][22-05-05][org.apache.ibatis.io.VFS]Using VFS adapter org.apache.ibatis.io.DefaultVFS
[DEBUG][22-05-05][org.apache.ibatis.datasource.pooled.PooledDataSource]PooledDataSource forcefully closed/removed all connections.
[DEBUG][22-05-05][org.apache.ibatis.datasource.pooled.PooledDataSource]PooledDataSource forcefully closed/removed all connections.
[DEBUG][22-05-05][org.apache.ibatis.datasource.pooled.PooledDataSource]PooledDataSource forcefully closed/removed all connections.
[DEBUG][22-05-05][org.apache.ibatis.datasource.pooled.PooledDataSource]PooledDataSource forcefully closed/removed all connections.
[DEBUG][22-05-05][org.apache.ibatis.datasource.pooled.PooledDataSource]PooledDataSource forcefully closed/removed all connections.
[DEBUG][22-05-05][org.apache.ibatis.logging.LogFactory]Logging initialized using 'class org.apache.ibatis.logging.log4j.Log4jImpl' adapter.
[DEBUG][22-05-05][org.apache.ibatis.io.VFS]Class not found: org.jboss.vfs.VFS
[DEBUG][22-05-05][org.apache.ibatis.io.JBoss6VFS]JBoss 6 VFS API is not available in this environment.
[DEBUG][22-05-05][org.apache.ibatis.io.VFS]Class not found: org.jboss.vfs.VirtualFile
[DEBUG][22-05-05][org.apache.ibatis.io.VFS]VFS implementation org.apache.ibatis.io.JBoss6VFS is not valid in this environment.
[DEBUG][22-05-05][org.apache.ibatis.io.VFS]Using VFS adapter org.apache.ibatis.io.DefaultVFS
[DEBUG][22-05-05][org.apache.ibatis.datasource.pooled.PooledDataSource]PooledDataSource forcefully closed/removed all connections.
[DEBUG][22-05-05][org.apache.ibatis.datasource.pooled.PooledDataSource]PooledDataSource forcefully closed/removed all connections.
[DEBUG][22-05-05][org.apache.ibatis.datasource.pooled.PooledDataSource]PooledDataSource forcefully closed/removed all connections.
[DEBUG][22-05-05][org.apache.ibatis.datasource.pooled.PooledDataSource]PooledDataSource forcefully closed/removed all connections.
[DEBUG][22-05-05][org.apache.ibatis.datasource.pooled.PooledDataSource]PooledDataSource forcefully closed/removed all connections.
[DEBUG][22-05-05][org.apache.ibatis.logging.LogFactory]Logging initialized using 'class org.apache.ibatis.logging.log4j.Log4jImpl' adapter.
[DEBUG][22-05-05][org.apache.ibatis.io.VFS]Class not found: org.jboss.vfs.VFS
[DEBUG][22-05-05][org.apache.ibatis.io.JBoss6VFS]JBoss 6 VFS API is not available in this environment.
[DEBUG][22-05-05][org.apache.ibatis.io.VFS]Class not found: org.jboss.vfs.VirtualFile
[DEBUG][22-05-05][org.apache.ibatis.io.VFS]VFS implementation org.apache.ibatis.io.JBoss6VFS is not valid in this environment.
[DEBUG][22-05-05][org.apache.ibatis.io.VFS]Using VFS adapter org.apache.ibatis.io.DefaultVFS
[DEBUG][22-05-05][org.apache.ibatis.datasource.pooled.PooledDataSource]PooledDataSource forcefully closed/removed all connections.
[DEBUG][22-05-05][org.apache.ibatis.datasource.pooled.PooledDataSource]PooledDataSource forcefully closed/removed all connections.
[DEBUG][22-05-05][org.apache.ibatis.datasource.pooled.PooledDataSource]PooledDataSource forcefully closed/removed all connections.
[DEBUG][22-05-05][org.apache.ibatis.datasource.pooled.PooledDataSource]PooledDataSource forcefully closed/removed all connections.
[DEBUG][22-05-05][org.apache.ibatis.datasource.pooled.PooledDataSource]PooledDataSource forcefully closed/removed all connections.
[DEBUG][22-05-05][org.apache.ibatis.logging.LogFactory]Logging initialized using 'class org.apache.ibatis.logging.log4j.Log4jImpl' adapter.
[DEBUG][22-05-05][org.apache.ibatis.io.VFS]Class not found: org.jboss.vfs.VFS
[DEBUG][22-05-05][org.apache.ibatis.io.JBoss6VFS]JBoss 6 VFS API is not available in this environment.
[DEBUG][22-05-05][org.apache.ibatis.io.VFS]Class not found: org.jboss.vfs.VirtualFile
[DEBUG][22-05-05][org.apache.ibatis.io.VFS]VFS implementation org.apache.ibatis.io.JBoss6VFS is not valid in this environment.
[DEBUG][22-05-05][org.apache.ibatis.io.VFS]Using VFS adapter org.apache.ibatis.io.DefaultVFS
[DEBUG][22-05-05][org.apache.ibatis.datasource.pooled.PooledDataSource]PooledDataSource forcefully closed/removed all connections.
[DEBUG][22-05-05][org.apache.ibatis.datasource.pooled.PooledDataSource]PooledDataSource forcefully closed/removed all connections.
[DEBUG][22-05-05][org.apache.ibatis.datasource.pooled.PooledDataSource]PooledDataSource forcefully closed/removed all connections.
[DEBUG][22-05-05][org.apache.ibatis.datasource.pooled.PooledDataSource]PooledDataSource forcefully closed/removed all connections.
[DEBUG][22-05-05][org.apache.ibatis.datasource.pooled.PooledDataSource]PooledDataSource forcefully closed/removed all connections.
[DEBUG][22-05-05][org.apache.ibatis.logging.LogFactory]Logging initialized using 'class org.apache.ibatis.logging.log4j.Log4jImpl' adapter.
[DEBUG][22-05-05][org.apache.ibatis.io.VFS]Class not found: org.jboss.vfs.VFS
[DEBUG][22-05-05][org.apache.ibatis.io.JBoss6VFS]JBoss 6 VFS API is not available in this environment.
[DEBUG][22-05-05][org.apache.ibatis.io.VFS]Class not found: org.jboss.vfs.VirtualFile
[DEBUG][22-05-05][org.apache.ibatis.io.VFS]VFS implementation org.apache.ibatis.io.JBoss6VFS is not valid in this environment.
[DEBUG][22-05-05][org.apache.ibatis.io.VFS]Using VFS adapter org.apache.ibatis.io.DefaultVFS
[DEBUG][22-05-05][org.apache.ibatis.datasource.pooled.PooledDataSource]PooledDataSource forcefully closed/removed all connections.
[DEBUG][22-05-05][org.apache.ibatis.datasource.pooled.PooledDataSource]PooledDataSource forcefully closed/removed all connections.
[DEBUG][22-05-05][org.apache.ibatis.datasource.pooled.PooledDataSource]PooledDataSource forcefully closed/removed all connections.
[DEBUG][22-05-05][org.apache.ibatis.datasource.pooled.PooledDataSource]PooledDataSource forcefully closed/removed all connections.
[DEBUG][22-05-05][org.apache.ibatis.datasource.pooled.PooledDataSource]PooledDataSource forcefully closed/removed all connections.
[DEBUG][22-05-05][org.apache.ibatis.logging.LogFactory]Logging initialized using 'class org.apache.ibatis.logging.log4j.Log4jImpl' adapter.
[DEBUG][22-05-05][org.apache.ibatis.io.VFS]Class not found: org.jboss.vfs.VFS
[DEBUG][22-05-05][org.apache.ibatis.io.JBoss6VFS]JBoss 6 VFS API is not available in this environment.
[DEBUG][22-05-05][org.apache.ibatis.io.VFS]Class not found: org.jboss.vfs.VirtualFile
[DEBUG][22-05-05][org.apache.ibatis.io.VFS]VFS implementation org.apache.ibatis.io.JBoss6VFS is not valid in this environment.
[DEBUG][22-05-05][org.apache.ibatis.io.VFS]Using VFS adapter org.apache.ibatis.io.DefaultVFS
[DEBUG][22-05-05][org.apache.ibatis.datasource.pooled.PooledDataSource]PooledDataSource forcefully closed/removed all connections.
[DEBUG][22-05-05][org.apache.ibatis.datasource.pooled.PooledDataSource]PooledDataSource forcefully closed/removed all connections.
[DEBUG][22-05-05][org.apache.ibatis.datasource.pooled.PooledDataSource]PooledDataSource forcefully closed/removed all connections.
[DEBUG][22-05-05][org.apache.ibatis.datasource.pooled.PooledDataSource]PooledDataSource forcefully closed/removed all connections.
[DEBUG][22-05-05][org.apache.ibatis.datasource.pooled.PooledDataSource]PooledDataSource forcefully closed/removed all connections.
[DEBUG][22-05-05][org.apache.ibatis.logging.LogFactory]Logging initialized using 'class org.apache.ibatis.logging.log4j.Log4jImpl' adapter.
[DEBUG][22-05-05][org.apache.ibatis.io.VFS]Class not found: org.jboss.vfs.VFS
[DEBUG][22-05-05][org.apache.ibatis.io.JBoss6VFS]JBoss 6 VFS API is not available in this environment.
[DEBUG][22-05-05][org.apache.ibatis.io.VFS]Class not found: org.jboss.vfs.VirtualFile
[DEBUG][22-05-05][org.apache.ibatis.io.VFS]VFS implementation org.apache.ibatis.io.JBoss6VFS is not valid in this environment.
[DEBUG][22-05-05][org.apache.ibatis.io.VFS]Using VFS adapter org.apache.ibatis.io.DefaultVFS
[DEBUG][22-05-05][org.apache.ibatis.datasource.pooled.PooledDataSource]PooledDataSource forcefully closed/removed all connections.
[DEBUG][22-05-05][org.apache.ibatis.datasource.pooled.PooledDataSource]PooledDataSource forcefully closed/removed all connections.
[DEBUG][22-05-05][org.apache.ibatis.datasource.pooled.PooledDataSource]PooledDataSource forcefully closed/removed all connections.
[DEBUG][22-05-05][org.apache.ibatis.datasource.pooled.PooledDataSource]PooledDataSource forcefully closed/removed all connections.
[DEBUG][22-05-05][org.apache.ibatis.datasource.pooled.PooledDataSource]PooledDataSource forcefully closed/removed all connections.
[DEBUG][22-05-05][org.apache.ibatis.logging.LogFactory]Logging initialized using 'class org.apache.ibatis.logging.log4j.Log4jImpl' adapter.
[DEBUG][22-05-05][org.apache.ibatis.io.VFS]Class not found: org.jboss.vfs.VFS
[DEBUG][22-05-05][org.apache.ibatis.io.JBoss6VFS]JBoss 6 VFS API is not available in this environment.
[DEBUG][22-05-05][org.apache.ibatis.io.VFS]Class not found: org.jboss.vfs.VirtualFile
[DEBUG][22-05-05][org.apache.ibatis.io.VFS]VFS implementation org.apache.ibatis.io.JBoss6VFS is not valid in this environment.
[DEBUG][22-05-05][org.apache.ibatis.io.VFS]Using VFS adapter org.apache.ibatis.io.DefaultVFS
[DEBUG][22-05-05][org.apache.ibatis.datasource.pooled.PooledDataSource]PooledDataSource forcefully closed/removed all connections.
[DEBUG][22-05-05][org.apache.ibatis.datasource.pooled.PooledDataSource]PooledDataSource forcefully closed/removed all connections.
[DEBUG][22-05-05][org.apache.ibatis.datasource.pooled.PooledDataSource]PooledDataSource forcefully closed/removed all connections.
[DEBUG][22-05-05][org.apache.ibatis.datasource.pooled.PooledDataSource]PooledDataSource forcefully closed/removed all connections.
[DEBUG][22-05-05][org.apache.ibatis.datasource.pooled.PooledDataSource]PooledDataSource forcefully closed/removed all connections.
[DEBUG][22-05-05][org.mybatis.spring.SqlSessionUtils]Creating a new SqlSession
[DEBUG][22-05-05][org.mybatis.spring.SqlSessionUtils]Registering transaction synchronization for SqlSession [org.apache.ibatis.session.defaults.DefaultSqlSession@600b0b7]
[DEBUG][22-05-05][org.mybatis.spring.transaction.SpringManagedTransaction]JDBC Connection [jdbc:mysql://localhost:3306/ssm?rewriteBatchedStatements=true, UserName=root@localhost, MySQL Connector/J] will be managed by Spring
[DEBUG][22-05-05][dao.UserDAO.getUser]==>  Preparing: select id,phone_number,e_mail,pswd,account_number,nice_name,id_number,addresses,baobao,lv from t_user where id=? 
[DEBUG][22-05-05][dao.UserDAO.getUser]==> Parameters: 1(Long)
[DEBUG][22-05-05][dao.UserDAO.getUser]<==      Total: 1
[DEBUG][22-05-05][org.mybatis.spring.SqlSessionUtils]Releasing transactional SqlSession [org.apache.ibatis.session.defaults.DefaultSqlSession@600b0b7]
[DEBUG][22-05-05][org.mybatis.spring.SqlSessionUtils]Transaction synchronization committing SqlSession [org.apache.ibatis.session.defaults.DefaultSqlSession@600b0b7]
[DEBUG][22-05-05][org.mybatis.spring.SqlSessionUtils]Transaction synchronization deregistering SqlSession [org.apache.ibatis.session.defaults.DefaultSqlSession@600b0b7]
[DEBUG][22-05-05][org.mybatis.spring.SqlSessionUtils]Transaction synchronization closing SqlSession [org.apache.ibatis.session.defaults.DefaultSqlSession@600b0b7]
[DEBUG][22-05-05][org.apache.ibatis.logging.LogFactory]Logging initialized using 'class org.apache.ibatis.logging.log4j.Log4jImpl' adapter.
[DEBUG][22-05-05][org.apache.ibatis.io.VFS]Class not found: org.jboss.vfs.VFS
[DEBUG][22-05-05][org.apache.ibatis.io.JBoss6VFS]JBoss 6 VFS API is not available in this environment.
[DEBUG][22-05-05][org.apache.ibatis.io.VFS]Class not found: org.jboss.vfs.VirtualFile
[DEBUG][22-05-05][org.apache.ibatis.io.VFS]VFS implementation org.apache.ibatis.io.JBoss6VFS is not valid in this environment.
[DEBUG][22-05-05][org.apache.ibatis.io.VFS]Using VFS adapter org.apache.ibatis.io.DefaultVFS
[DEBUG][22-05-05][org.apache.ibatis.datasource.pooled.PooledDataSource]PooledDataSource forcefully closed/removed all connections.
[DEBUG][22-05-05][org.apache.ibatis.datasource.pooled.PooledDataSource]PooledDataSource forcefully closed/removed all connections.
[DEBUG][22-05-05][org.apache.ibatis.datasource.pooled.PooledDataSource]PooledDataSource forcefully closed/removed all connections.
[DEBUG][22-05-05][org.apache.ibatis.datasource.pooled.PooledDataSource]PooledDataSource forcefully closed/removed all connections.
[DEBUG][22-05-05][org.apache.ibatis.datasource.pooled.PooledDataSource]PooledDataSource forcefully closed/removed all connections.
[DEBUG][22-05-05][org.mybatis.spring.SqlSessionUtils]Creating a new SqlSession
[DEBUG][22-05-05][org.mybatis.spring.SqlSessionUtils]Registering transaction synchronization for SqlSession [org.apache.ibatis.session.defaults.DefaultSqlSession@600b0b7]
[DEBUG][22-05-05][org.mybatis.spring.transaction.SpringManagedTransaction]JDBC Connection [jdbc:mysql://localhost:3306/ssm?rewriteBatchedStatements=true, UserName=root@localhost, MySQL Connector/J] will be managed by Spring
[DEBUG][22-05-05][dao.UserDAO.getUser]==>  Preparing: select id,phone_number,e_mail,pswd,account_number,nice_name,id_number,addresses,baobao,lv from t_user where id=? 
[DEBUG][22-05-05][dao.UserDAO.getUser]==> Parameters: 1(Long)
[DEBUG][22-05-05][dao.UserDAO.getUser]<==      Total: 1
[DEBUG][22-05-05][org.mybatis.spring.SqlSessionUtils]Releasing transactional SqlSession [org.apache.ibatis.session.defaults.DefaultSqlSession@600b0b7]
[DEBUG][22-05-05][org.mybatis.spring.SqlSessionUtils]Transaction synchronization committing SqlSession [org.apache.ibatis.session.defaults.DefaultSqlSession@600b0b7]
[DEBUG][22-05-05][org.mybatis.spring.SqlSessionUtils]Transaction synchronization deregistering SqlSession [org.apache.ibatis.session.defaults.DefaultSqlSession@600b0b7]
[DEBUG][22-05-05][org.mybatis.spring.SqlSessionUtils]Transaction synchronization closing SqlSession [org.apache.ibatis.session.defaults.DefaultSqlSession@600b0b7]
[DEBUG][22-05-05][org.apache.ibatis.logging.LogFactory]Logging initialized using 'class org.apache.ibatis.logging.log4j.Log4jImpl' adapter.
[DEBUG][22-05-05][org.apache.ibatis.io.VFS]Class not found: org.jboss.vfs.VFS
[DEBUG][22-05-05][org.apache.ibatis.io.JBoss6VFS]JBoss 6 VFS API is not available in this environment.
[DEBUG][22-05-05][org.apache.ibatis.io.VFS]Class not found: org.jboss.vfs.VirtualFile
[DEBUG][22-05-05][org.apache.ibatis.io.VFS]VFS implementation org.apache.ibatis.io.JBoss6VFS is not valid in this environment.
[DEBUG][22-05-05][org.apache.ibatis.io.VFS]Using VFS adapter org.apache.ibatis.io.DefaultVFS
[DEBUG][22-05-05][org.apache.ibatis.datasource.pooled.PooledDataSource]PooledDataSource forcefully closed/removed all connections.
[DEBUG][22-05-05][org.apache.ibatis.datasource.pooled.PooledDataSource]PooledDataSource forcefully closed/removed all connections.
[DEBUG][22-05-05][org.apache.ibatis.datasource.pooled.PooledDataSource]PooledDataSource forcefully closed/removed all connections.
[DEBUG][22-05-05][org.apache.ibatis.datasource.pooled.PooledDataSource]PooledDataSource forcefully closed/removed all connections.
[DEBUG][22-05-05][org.apache.ibatis.datasource.pooled.PooledDataSource]PooledDataSource forcefully closed/removed all connections.
[DEBUG][22-05-05][org.mybatis.spring.SqlSessionUtils]Creating a new SqlSession
[DEBUG][22-05-05][org.mybatis.spring.SqlSessionUtils]Registering transaction synchronization for SqlSession [org.apache.ibatis.session.defaults.DefaultSqlSession@600b0b7]
[DEBUG][22-05-05][org.mybatis.spring.transaction.SpringManagedTransaction]JDBC Connection [jdbc:mysql://localhost:3306/ssm?rewriteBatchedStatements=true, UserName=root@localhost, MySQL Connector/J] will be managed by Spring
[DEBUG][22-05-05][dao.UserDAO.getUser]==>  Preparing: select id,phone_number,e_mail,pswd,account_number,nice_name,id_number,addresses,baobao,lv from t_user where id=? 
[DEBUG][22-05-05][dao.UserDAO.getUser]==> Parameters: 1(Long)
[DEBUG][22-05-05][dao.UserDAO.getUser]<==      Total: 1
[DEBUG][22-05-05][org.mybatis.spring.SqlSessionUtils]Releasing transactional SqlSession [org.apache.ibatis.session.defaults.DefaultSqlSession@600b0b7]
[DEBUG][22-05-05][org.mybatis.spring.SqlSessionUtils]Transaction synchronization committing SqlSession [org.apache.ibatis.session.defaults.DefaultSqlSession@600b0b7]
[DEBUG][22-05-05][org.mybatis.spring.SqlSessionUtils]Transaction synchronization deregistering SqlSession [org.apache.ibatis.session.defaults.DefaultSqlSession@600b0b7]
[DEBUG][22-05-05][org.mybatis.spring.SqlSessionUtils]Transaction synchronization closing SqlSession [org.apache.ibatis.session.defaults.DefaultSqlSession@600b0b7]
[DEBUG][22-05-05][org.apache.ibatis.logging.LogFactory]Logging initialized using 'class org.apache.ibatis.logging.log4j.Log4jImpl' adapter.
[DEBUG][22-05-05][org.apache.ibatis.io.VFS]Class not found: org.jboss.vfs.VFS
[DEBUG][22-05-05][org.apache.ibatis.io.JBoss6VFS]JBoss 6 VFS API is not available in this environment.
[DEBUG][22-05-05][org.apache.ibatis.io.VFS]Class not found: org.jboss.vfs.VirtualFile
[DEBUG][22-05-05][org.apache.ibatis.io.VFS]VFS implementation org.apache.ibatis.io.JBoss6VFS is not valid in this environment.
[DEBUG][22-05-05][org.apache.ibatis.io.VFS]Using VFS adapter org.apache.ibatis.io.DefaultVFS
[DEBUG][22-05-05][org.apache.ibatis.datasource.pooled.PooledDataSource]PooledDataSource forcefully closed/removed all connections.
[DEBUG][22-05-05][org.apache.ibatis.datasource.pooled.PooledDataSource]PooledDataSource forcefully closed/removed all connections.
[DEBUG][22-05-05][org.apache.ibatis.datasource.pooled.PooledDataSource]PooledDataSource forcefully closed/removed all connections.
[DEBUG][22-05-05][org.apache.ibatis.datasource.pooled.PooledDataSource]PooledDataSource forcefully closed/removed all connections.
[DEBUG][22-05-05][org.apache.ibatis.datasource.pooled.PooledDataSource]PooledDataSource forcefully closed/removed all connections.
[DEBUG][22-05-05][org.mybatis.spring.SqlSessionUtils]Creating a new SqlSession
[DEBUG][22-05-05][org.mybatis.spring.SqlSessionUtils]Registering transaction synchronization for SqlSession [org.apache.ibatis.session.defaults.DefaultSqlSession@600b0b7]
[DEBUG][22-05-05][org.mybatis.spring.transaction.SpringManagedTransaction]JDBC Connection [jdbc:mysql://localhost:3306/ssm?rewriteBatchedStatements=true, UserName=root@localhost, MySQL Connector/J] will be managed by Spring
[DEBUG][22-05-05][dao.UserDAO.getUser]==>  Preparing: select id,phone_number,e_mail,pswd,account_number,nice_name,id_number,addresses,baobao,lv from t_user where id=? 
[DEBUG][22-05-05][dao.UserDAO.getUser]==> Parameters: 1(Long)
[DEBUG][22-05-05][dao.UserDAO.getUser]<==      Total: 1
[DEBUG][22-05-05][org.mybatis.spring.SqlSessionUtils]Releasing transactional SqlSession [org.apache.ibatis.session.defaults.DefaultSqlSession@600b0b7]
[DEBUG][22-05-05][org.mybatis.spring.SqlSessionUtils]Transaction synchronization committing SqlSession [org.apache.ibatis.session.defaults.DefaultSqlSession@600b0b7]
[DEBUG][22-05-05][org.mybatis.spring.SqlSessionUtils]Transaction synchronization deregistering SqlSession [org.apache.ibatis.session.defaults.DefaultSqlSession@600b0b7]
[DEBUG][22-05-05][org.mybatis.spring.SqlSessionUtils]Transaction synchronization closing SqlSession [org.apache.ibatis.session.defaults.DefaultSqlSession@600b0b7]
[DEBUG][22-05-05][org.apache.ibatis.logging.LogFactory]Logging initialized using 'class org.apache.ibatis.logging.log4j.Log4jImpl' adapter.
[DEBUG][22-05-05][org.apache.ibatis.io.VFS]Class not found: org.jboss.vfs.VFS
[DEBUG][22-05-05][org.apache.ibatis.io.JBoss6VFS]JBoss 6 VFS API is not available in this environment.
[DEBUG][22-05-05][org.apache.ibatis.io.VFS]Class not found: org.jboss.vfs.VirtualFile
[DEBUG][22-05-05][org.apache.ibatis.io.VFS]VFS implementation org.apache.ibatis.io.JBoss6VFS is not valid in this environment.
[DEBUG][22-05-05][org.apache.ibatis.io.VFS]Using VFS adapter org.apache.ibatis.io.DefaultVFS
[DEBUG][22-05-05][org.apache.ibatis.datasource.pooled.PooledDataSource]PooledDataSource forcefully closed/removed all connections.
[DEBUG][22-05-05][org.apache.ibatis.datasource.pooled.PooledDataSource]PooledDataSource forcefully closed/removed all connections.
[DEBUG][22-05-05][org.apache.ibatis.datasource.pooled.PooledDataSource]PooledDataSource forcefully closed/removed all connections.
[DEBUG][22-05-05][org.apache.ibatis.datasource.pooled.PooledDataSource]PooledDataSource forcefully closed/removed all connections.
[DEBUG][22-05-05][org.apache.ibatis.datasource.pooled.PooledDataSource]PooledDataSource forcefully closed/removed all connections.
[DEBUG][22-05-05][org.mybatis.spring.SqlSessionUtils]Creating a new SqlSession
[DEBUG][22-05-05][org.mybatis.spring.SqlSessionUtils]Registering transaction synchronization for SqlSession [org.apache.ibatis.session.defaults.DefaultSqlSession@2a551a63]
[DEBUG][22-05-05][org.mybatis.spring.transaction.SpringManagedTransaction]JDBC Connection [jdbc:mysql://localhost:3306/ssm?rewriteBatchedStatements=true, UserName=root@localhost, MySQL Connector/J] will be managed by Spring
[DEBUG][22-05-05][dao.UserDAO.getUser]==>  Preparing: select id,phone_number,e_mail,pswd,account_number,nice_name,id_number,addresses,baobao,lv from t_user where id=? 
[DEBUG][22-05-05][dao.UserDAO.getUser]==> Parameters: 1(Long)
[DEBUG][22-05-05][dao.UserDAO.getUser]<==      Total: 1
[DEBUG][22-05-05][org.mybatis.spring.SqlSessionUtils]Releasing transactional SqlSession [org.apache.ibatis.session.defaults.DefaultSqlSession@2a551a63]
[DEBUG][22-05-05][org.mybatis.spring.SqlSessionUtils]Transaction synchronization committing SqlSession [org.apache.ibatis.session.defaults.DefaultSqlSession@2a551a63]
[DEBUG][22-05-05][org.mybatis.spring.SqlSessionUtils]Transaction synchronization deregistering SqlSession [org.apache.ibatis.session.defaults.DefaultSqlSession@2a551a63]
[DEBUG][22-05-05][org.mybatis.spring.SqlSessionUtils]Transaction synchronization closing SqlSession [org.apache.ibatis.session.defaults.DefaultSqlSession@2a551a63]
[DEBUG][22-05-05][org.apache.ibatis.logging.LogFactory]Logging initialized using 'class org.apache.ibatis.logging.log4j.Log4jImpl' adapter.
[DEBUG][22-05-05][org.apache.ibatis.io.VFS]Class not found: org.jboss.vfs.VFS
[DEBUG][22-05-05][org.apache.ibatis.io.JBoss6VFS]JBoss 6 VFS API is not available in this environment.
[DEBUG][22-05-05][org.apache.ibatis.io.VFS]Class not found: org.jboss.vfs.VirtualFile
[DEBUG][22-05-05][org.apache.ibatis.io.VFS]VFS implementation org.apache.ibatis.io.JBoss6VFS is not valid in this environment.
[DEBUG][22-05-05][org.apache.ibatis.io.VFS]Using VFS adapter org.apache.ibatis.io.DefaultVFS
[DEBUG][22-05-05][org.apache.ibatis.datasource.pooled.PooledDataSource]PooledDataSource forcefully closed/removed all connections.
[DEBUG][22-05-05][org.apache.ibatis.datasource.pooled.PooledDataSource]PooledDataSource forcefully closed/removed all connections.
[DEBUG][22-05-05][org.apache.ibatis.datasource.pooled.PooledDataSource]PooledDataSource forcefully closed/removed all connections.
[DEBUG][22-05-05][org.apache.ibatis.datasource.pooled.PooledDataSource]PooledDataSource forcefully closed/removed all connections.
[DEBUG][22-05-05][org.apache.ibatis.datasource.pooled.PooledDataSource]PooledDataSource forcefully closed/removed all connections.
[DEBUG][22-05-05][org.mybatis.spring.SqlSessionUtils]Creating a new SqlSession
[DEBUG][22-05-05][org.mybatis.spring.SqlSessionUtils]Registering transaction synchronization for SqlSession [org.apache.ibatis.session.defaults.DefaultSqlSession@2a551a63]
[DEBUG][22-05-05][org.mybatis.spring.transaction.SpringManagedTransaction]JDBC Connection [jdbc:mysql://localhost:3306/ssm?rewriteBatchedStatements=true, UserName=root@localhost, MySQL Connector/J] will be managed by Spring
[DEBUG][22-05-05][dao.UserDAO.getUser]==>  Preparing: select id,phone_number,e_mail,pswd,account_number,nice_name,id_number,addresses,baobao,lv from t_user where id=? 
[DEBUG][22-05-05][dao.UserDAO.getUser]==> Parameters: 1(Long)
[DEBUG][22-05-05][dao.UserDAO.getUser]<==      Total: 1
[DEBUG][22-05-05][org.mybatis.spring.SqlSessionUtils]Releasing transactional SqlSession [org.apache.ibatis.session.defaults.DefaultSqlSession@2a551a63]
[DEBUG][22-05-05][org.mybatis.spring.SqlSessionUtils]Transaction synchronization committing SqlSession [org.apache.ibatis.session.defaults.DefaultSqlSession@2a551a63]
[DEBUG][22-05-05][org.mybatis.spring.SqlSessionUtils]Transaction synchronization deregistering SqlSession [org.apache.ibatis.session.defaults.DefaultSqlSession@2a551a63]
[DEBUG][22-05-05][org.mybatis.spring.SqlSessionUtils]Transaction synchronization closing SqlSession [org.apache.ibatis.session.defaults.DefaultSqlSession@2a551a63]
[DEBUG][22-05-05][org.apache.ibatis.logging.LogFactory]Logging initialized using 'class org.apache.ibatis.logging.log4j.Log4jImpl' adapter.
[DEBUG][22-05-05][org.apache.ibatis.io.VFS]Class not found: org.jboss.vfs.VFS
[DEBUG][22-05-05][org.apache.ibatis.io.JBoss6VFS]JBoss 6 VFS API is not available in this environment.
[DEBUG][22-05-05][org.apache.ibatis.io.VFS]Class not found: org.jboss.vfs.VirtualFile
[DEBUG][22-05-05][org.apache.ibatis.io.VFS]VFS implementation org.apache.ibatis.io.JBoss6VFS is not valid in this environment.
[DEBUG][22-05-05][org.apache.ibatis.io.VFS]Using VFS adapter org.apache.ibatis.io.DefaultVFS
[DEBUG][22-05-05][org.apache.ibatis.datasource.pooled.PooledDataSource]PooledDataSource forcefully closed/removed all connections.
[DEBUG][22-05-05][org.apache.ibatis.datasource.pooled.PooledDataSource]PooledDataSource forcefully closed/removed all connections.
[DEBUG][22-05-05][org.apache.ibatis.datasource.pooled.PooledDataSource]PooledDataSource forcefully closed/removed all connections.
[DEBUG][22-05-05][org.apache.ibatis.datasource.pooled.PooledDataSource]PooledDataSource forcefully closed/removed all connections.
[DEBUG][22-05-05][org.apache.ibatis.datasource.pooled.PooledDataSource]PooledDataSource forcefully closed/removed all connections.
[DEBUG][22-05-05][org.mybatis.spring.SqlSessionUtils]Creating a new SqlSession
[DEBUG][22-05-05][org.mybatis.spring.SqlSessionUtils]Registering transaction synchronization for SqlSession [org.apache.ibatis.session.defaults.DefaultSqlSession@2a551a63]
[DEBUG][22-05-05][org.mybatis.spring.transaction.SpringManagedTransaction]JDBC Connection [jdbc:mysql://localhost:3306/ssm?rewriteBatchedStatements=true, UserName=root@localhost, MySQL Connector/J] will be managed by Spring
[DEBUG][22-05-05][dao.UserDAO.getUser]==>  Preparing: select id,phone_number,e_mail,pswd,account_number,nice_name,id_number,addresses,baobao,lv from t_user where id=? 
[DEBUG][22-05-05][dao.UserDAO.getUser]==> Parameters: 1(Long)
[DEBUG][22-05-05][dao.UserDAO.getUser]<==      Total: 1
[DEBUG][22-05-05][org.mybatis.spring.SqlSessionUtils]Releasing transactional SqlSession [org.apache.ibatis.session.defaults.DefaultSqlSession@2a551a63]
[DEBUG][22-05-05][org.mybatis.spring.SqlSessionUtils]Transaction synchronization committing SqlSession [org.apache.ibatis.session.defaults.DefaultSqlSession@2a551a63]
[DEBUG][22-05-05][org.mybatis.spring.SqlSessionUtils]Transaction synchronization deregistering SqlSession [org.apache.ibatis.session.defaults.DefaultSqlSession@2a551a63]
[DEBUG][22-05-05][org.mybatis.spring.SqlSessionUtils]Transaction synchronization closing SqlSession [org.apache.ibatis.session.defaults.DefaultSqlSession@2a551a63]
[DEBUG][22-05-05][org.apache.ibatis.logging.LogFactory]Logging initialized using 'class org.apache.ibatis.logging.log4j.Log4jImpl' adapter.
[DEBUG][22-05-05][org.apache.ibatis.io.VFS]Class not found: org.jboss.vfs.VFS
[DEBUG][22-05-05][org.apache.ibatis.io.JBoss6VFS]JBoss 6 VFS API is not available in this environment.
[DEBUG][22-05-05][org.apache.ibatis.io.VFS]Class not found: org.jboss.vfs.VirtualFile
[DEBUG][22-05-05][org.apache.ibatis.io.VFS]VFS implementation org.apache.ibatis.io.JBoss6VFS is not valid in this environment.
[DEBUG][22-05-05][org.apache.ibatis.io.VFS]Using VFS adapter org.apache.ibatis.io.DefaultVFS
[DEBUG][22-05-05][org.apache.ibatis.datasource.pooled.PooledDataSource]PooledDataSource forcefully closed/removed all connections.
[DEBUG][22-05-05][org.apache.ibatis.datasource.pooled.PooledDataSource]PooledDataSource forcefully closed/removed all connections.
[DEBUG][22-05-05][org.apache.ibatis.datasource.pooled.PooledDataSource]PooledDataSource forcefully closed/removed all connections.
[DEBUG][22-05-05][org.apache.ibatis.datasource.pooled.PooledDataSource]PooledDataSource forcefully closed/removed all connections.
[DEBUG][22-05-05][org.apache.ibatis.datasource.pooled.PooledDataSource]PooledDataSource forcefully closed/removed all connections.
[DEBUG][22-05-05][org.mybatis.spring.SqlSessionUtils]Creating a new SqlSession
[DEBUG][22-05-05][org.mybatis.spring.SqlSessionUtils]Registering transaction synchronization for SqlSession [org.apache.ibatis.session.defaults.DefaultSqlSession@2a551a63]
[DEBUG][22-05-05][org.mybatis.spring.transaction.SpringManagedTransaction]JDBC Connection [jdbc:mysql://localhost:3306/ssm?rewriteBatchedStatements=true, UserName=root@localhost, MySQL Connector/J] will be managed by Spring
[DEBUG][22-05-05][dao.UserDAO.getUser]==>  Preparing: select id,phone_number,e_mail,pswd,account_number,nice_name,id_number,addresses,baobao,lv from t_user where id=? 
[DEBUG][22-05-05][dao.UserDAO.getUser]==> Parameters: 1(Long)
[DEBUG][22-05-05][dao.UserDAO.getUser]<==      Total: 1
[DEBUG][22-05-05][org.mybatis.spring.SqlSessionUtils]Releasing transactional SqlSession [org.apache.ibatis.session.defaults.DefaultSqlSession@2a551a63]
[DEBUG][22-05-05][org.mybatis.spring.SqlSessionUtils]Transaction synchronization committing SqlSession [org.apache.ibatis.session.defaults.DefaultSqlSession@2a551a63]
[DEBUG][22-05-05][org.mybatis.spring.SqlSessionUtils]Transaction synchronization deregistering SqlSession [org.apache.ibatis.session.defaults.DefaultSqlSession@2a551a63]
[DEBUG][22-05-05][org.mybatis.spring.SqlSessionUtils]Transaction synchronization closing SqlSession [org.apache.ibatis.session.defaults.DefaultSqlSession@2a551a63]
[DEBUG][22-05-05][org.apache.ibatis.logging.LogFactory]Logging initialized using 'class org.apache.ibatis.logging.log4j.Log4jImpl' adapter.
[DEBUG][22-05-05][org.apache.ibatis.io.VFS]Class not found: org.jboss.vfs.VFS
[DEBUG][22-05-05][org.apache.ibatis.io.JBoss6VFS]JBoss 6 VFS API is not available in this environment.
[DEBUG][22-05-05][org.apache.ibatis.io.VFS]Class not found: org.jboss.vfs.VirtualFile
[DEBUG][22-05-05][org.apache.ibatis.io.VFS]VFS implementation org.apache.ibatis.io.JBoss6VFS is not valid in this environment.
[DEBUG][22-05-05][org.apache.ibatis.io.VFS]Using VFS adapter org.apache.ibatis.io.DefaultVFS
[DEBUG][22-05-05][org.apache.ibatis.datasource.pooled.PooledDataSource]PooledDataSource forcefully closed/removed all connections.
[DEBUG][22-05-05][org.apache.ibatis.datasource.pooled.PooledDataSource]PooledDataSource forcefully closed/removed all connections.
[DEBUG][22-05-05][org.apache.ibatis.datasource.pooled.PooledDataSource]PooledDataSource forcefully closed/removed all connections.
[DEBUG][22-05-05][org.apache.ibatis.datasource.pooled.PooledDataSource]PooledDataSource forcefully closed/removed all connections.
[DEBUG][22-05-05][org.apache.ibatis.datasource.pooled.PooledDataSource]PooledDataSource forcefully closed/removed all connections.
[DEBUG][22-05-05][org.mybatis.spring.SqlSessionUtils]Creating a new SqlSession
[DEBUG][22-05-05][org.mybatis.spring.SqlSessionUtils]SqlSession [org.apache.ibatis.session.defaults.DefaultSqlSession@38f116f6] was not registered for synchronization because synchronization is not active
[DEBUG][22-05-05][org.mybatis.spring.transaction.SpringManagedTransaction]JDBC Connection [jdbc:mysql://localhost:3306/ssm?rewriteBatchedStatements=true, UserName=root@localhost, MySQL Connector/J] will not be managed by Spring
[DEBUG][22-05-05][dao.CustomerServiceStaffDAO.getCustomerServiceStaff]==>  Preparing: select id,user_id,nice_name from t_customer_service_staff where id=? 
[DEBUG][22-05-05][dao.CustomerServiceStaffDAO.getCustomerServiceStaff]==> Parameters: 1(Long)
[DEBUG][22-05-05][dao.CustomerServiceStaffDAO.getCustomerServiceStaff]<==      Total: 1
[DEBUG][22-05-05][org.mybatis.spring.SqlSessionUtils]Closing non transactional SqlSession [org.apache.ibatis.session.defaults.DefaultSqlSession@38f116f6]
[DEBUG][22-05-05][org.mybatis.spring.SqlSessionUtils]Creating a new SqlSession
[DEBUG][22-05-05][org.mybatis.spring.SqlSessionUtils]Registering transaction synchronization for SqlSession [org.apache.ibatis.session.defaults.DefaultSqlSession@e041f0c]
[DEBUG][22-05-05][org.mybatis.spring.transaction.SpringManagedTransaction]JDBC Connection [jdbc:mysql://localhost:3306/ssm?rewriteBatchedStatements=true, UserName=root@localhost, MySQL Connector/J] will be managed by Spring
[DEBUG][22-05-05][dao.UserDAO.getUser]==>  Preparing: select id,phone_number,e_mail,pswd,account_number,nice_name,id_number,addresses,baobao,lv from t_user where id=? 
[DEBUG][22-05-05][dao.UserDAO.getUser]==> Parameters: 1(Long)
[DEBUG][22-05-05][dao.UserDAO.getUser]<==      Total: 1
[DEBUG][22-05-05][org.mybatis.spring.SqlSessionUtils]Releasing transactional SqlSession [org.apache.ibatis.session.defaults.DefaultSqlSession@e041f0c]
[DEBUG][22-05-05][org.mybatis.spring.SqlSessionUtils]Transaction synchronization committing SqlSession [org.apache.ibatis.session.defaults.DefaultSqlSession@e041f0c]
[DEBUG][22-05-05][org.mybatis.spring.SqlSessionUtils]Transaction synchronization deregistering SqlSession [org.apache.ibatis.session.defaults.DefaultSqlSession@e041f0c]
[DEBUG][22-05-05][org.mybatis.spring.SqlSessionUtils]Transaction synchronization closing SqlSession [org.apache.ibatis.session.defaults.DefaultSqlSession@e041f0c]
[DEBUG][22-05-05][org.mybatis.spring.SqlSessionUtils]Creating a new SqlSession
[DEBUG][22-05-05][org.mybatis.spring.SqlSessionUtils]SqlSession [org.apache.ibatis.session.defaults.DefaultSqlSession@315df4bb] was not registered for synchronization because synchronization is not active
[DEBUG][22-05-05][org.mybatis.spring.transaction.SpringManagedTransaction]JDBC Connection [jdbc:mysql://localhost:3306/ssm?rewriteBatchedStatements=true, UserName=root@localhost, MySQL Connector/J] will not be managed by Spring
[DEBUG][22-05-05][dao.SellerDAO.getSeller]==>  Preparing: select id,user_id,score,credibility,store_number from t_seller where id=? 
[DEBUG][22-05-05][dao.SellerDAO.getSeller]==> Parameters: 1(Long)
[DEBUG][22-05-05][dao.SellerDAO.getSeller]<==      Total: 1
[DEBUG][22-05-05][org.mybatis.spring.SqlSessionUtils]Closing non transactional SqlSession [org.apache.ibatis.session.defaults.DefaultSqlSession@315df4bb]
[DEBUG][22-05-05][org.apache.ibatis.logging.LogFactory]Logging initialized using 'class org.apache.ibatis.logging.log4j.Log4jImpl' adapter.
[DEBUG][22-05-05][org.apache.ibatis.io.VFS]Class not found: org.jboss.vfs.VFS
[DEBUG][22-05-05][org.apache.ibatis.io.JBoss6VFS]JBoss 6 VFS API is not available in this environment.
[DEBUG][22-05-05][org.apache.ibatis.io.VFS]Class not found: org.jboss.vfs.VirtualFile
[DEBUG][22-05-05][org.apache.ibatis.io.VFS]VFS implementation org.apache.ibatis.io.JBoss6VFS is not valid in this environment.
[DEBUG][22-05-05][org.apache.ibatis.io.VFS]Using VFS adapter org.apache.ibatis.io.DefaultVFS
[DEBUG][22-05-05][org.apache.ibatis.datasource.pooled.PooledDataSource]PooledDataSource forcefully closed/removed all connections.
[DEBUG][22-05-05][org.apache.ibatis.datasource.pooled.PooledDataSource]PooledDataSource forcefully closed/removed all connections.
[DEBUG][22-05-05][org.apache.ibatis.datasource.pooled.PooledDataSource]PooledDataSource forcefully closed/removed all connections.
[DEBUG][22-05-05][org.apache.ibatis.datasource.pooled.PooledDataSource]PooledDataSource forcefully closed/removed all connections.
[DEBUG][22-05-05][org.apache.ibatis.datasource.pooled.PooledDataSource]PooledDataSource forcefully closed/removed all connections.
[DEBUG][22-05-05][org.mybatis.spring.SqlSessionUtils]Creating a new SqlSession
[DEBUG][22-05-05][org.mybatis.spring.SqlSessionUtils]SqlSession [org.apache.ibatis.session.defaults.DefaultSqlSession@38f116f6] was not registered for synchronization because synchronization is not active
[DEBUG][22-05-05][org.mybatis.spring.transaction.SpringManagedTransaction]JDBC Connection [jdbc:mysql://localhost:3306/ssm?rewriteBatchedStatements=true, UserName=root@localhost, MySQL Connector/J] will not be managed by Spring
[DEBUG][22-05-05][dao.CustomerServiceStaffDAO.getCustomerServiceStaff]==>  Preparing: select id,user_id,nice_name from t_customer_service_staff where id=? 
[DEBUG][22-05-05][dao.CustomerServiceStaffDAO.getCustomerServiceStaff]==> Parameters: 1(Long)
[DEBUG][22-05-05][dao.CustomerServiceStaffDAO.getCustomerServiceStaff]<==      Total: 1
[DEBUG][22-05-05][org.mybatis.spring.SqlSessionUtils]Closing non transactional SqlSession [org.apache.ibatis.session.defaults.DefaultSqlSession@38f116f6]
[DEBUG][22-05-05][org.mybatis.spring.SqlSessionUtils]Creating a new SqlSession
[DEBUG][22-05-05][org.mybatis.spring.SqlSessionUtils]Registering transaction synchronization for SqlSession [org.apache.ibatis.session.defaults.DefaultSqlSession@e041f0c]
[DEBUG][22-05-05][org.mybatis.spring.transaction.SpringManagedTransaction]JDBC Connection [jdbc:mysql://localhost:3306/ssm?rewriteBatchedStatements=true, UserName=root@localhost, MySQL Connector/J] will be managed by Spring
[DEBUG][22-05-05][dao.UserDAO.getUser]==>  Preparing: select id,phone_number,e_mail,pswd,account_number,nice_name,id_number,addresses,baobao,lv from t_user where id=? 
[DEBUG][22-05-05][dao.UserDAO.getUser]==> Parameters: 1(Long)
[DEBUG][22-05-05][dao.UserDAO.getUser]<==      Total: 1
[DEBUG][22-05-05][org.mybatis.spring.SqlSessionUtils]Releasing transactional SqlSession [org.apache.ibatis.session.defaults.DefaultSqlSession@e041f0c]
[DEBUG][22-05-05][org.mybatis.spring.SqlSessionUtils]Transaction synchronization committing SqlSession [org.apache.ibatis.session.defaults.DefaultSqlSession@e041f0c]
[DEBUG][22-05-05][org.mybatis.spring.SqlSessionUtils]Transaction synchronization deregistering SqlSession [org.apache.ibatis.session.defaults.DefaultSqlSession@e041f0c]
[DEBUG][22-05-05][org.mybatis.spring.SqlSessionUtils]Transaction synchronization closing SqlSession [org.apache.ibatis.session.defaults.DefaultSqlSession@e041f0c]
[DEBUG][22-05-05][org.mybatis.spring.SqlSessionUtils]Creating a new SqlSession
[DEBUG][22-05-05][org.mybatis.spring.SqlSessionUtils]SqlSession [org.apache.ibatis.session.defaults.DefaultSqlSession@315df4bb] was not registered for synchronization because synchronization is not active
[DEBUG][22-05-05][org.mybatis.spring.transaction.SpringManagedTransaction]JDBC Connection [jdbc:mysql://localhost:3306/ssm?rewriteBatchedStatements=true, UserName=root@localhost, MySQL Connector/J] will not be managed by Spring
[DEBUG][22-05-05][dao.SellerDAO.getSeller]==>  Preparing: select id,user_id,score,credibility,store_number from t_seller where id=? 
[DEBUG][22-05-05][dao.SellerDAO.getSeller]==> Parameters: 1(Long)
[DEBUG][22-05-05][dao.SellerDAO.getSeller]<==      Total: 1
[DEBUG][22-05-05][org.mybatis.spring.SqlSessionUtils]Closing non transactional SqlSession [org.apache.ibatis.session.defaults.DefaultSqlSession@315df4bb]
[DEBUG][22-05-05][org.apache.ibatis.logging.LogFactory]Logging initialized using 'class org.apache.ibatis.logging.log4j.Log4jImpl' adapter.
[DEBUG][22-05-05][org.apache.ibatis.io.VFS]Class not found: org.jboss.vfs.VFS
[DEBUG][22-05-05][org.apache.ibatis.io.JBoss6VFS]JBoss 6 VFS API is not available in this environment.
[DEBUG][22-05-05][org.apache.ibatis.io.VFS]Class not found: org.jboss.vfs.VirtualFile
[DEBUG][22-05-05][org.apache.ibatis.io.VFS]VFS implementation org.apache.ibatis.io.JBoss6VFS is not valid in this environment.
[DEBUG][22-05-05][org.apache.ibatis.io.VFS]Using VFS adapter org.apache.ibatis.io.DefaultVFS
[DEBUG][22-05-05][org.apache.ibatis.datasource.pooled.PooledDataSource]PooledDataSource forcefully closed/removed all connections.
[DEBUG][22-05-05][org.apache.ibatis.datasource.pooled.PooledDataSource]PooledDataSource forcefully closed/removed all connections.
[DEBUG][22-05-05][org.apache.ibatis.datasource.pooled.PooledDataSource]PooledDataSource forcefully closed/removed all connections.
[DEBUG][22-05-05][org.apache.ibatis.datasource.pooled.PooledDataSource]PooledDataSource forcefully closed/removed all connections.
[DEBUG][22-05-05][org.apache.ibatis.datasource.pooled.PooledDataSource]PooledDataSource forcefully closed/removed all connections.
[DEBUG][22-05-05][org.mybatis.spring.SqlSessionUtils]Creating a new SqlSession
[DEBUG][22-05-05][org.mybatis.spring.SqlSessionUtils]SqlSession [org.apache.ibatis.session.defaults.DefaultSqlSession@7813cb11] was not registered for synchronization because synchronization is not active
[DEBUG][22-05-05][org.mybatis.spring.transaction.SpringManagedTransaction]JDBC Connection [jdbc:mysql://localhost:3306/ssm?rewriteBatchedStatements=true, UserName=root@localhost, MySQL Connector/J] will not be managed by Spring
[DEBUG][22-05-05][dao.CustomerServiceStaffDAO.getCustomerServiceStaff]==>  Preparing: select id,user_id,nice_name from t_customer_service_staff where id=? 
[DEBUG][22-05-05][dao.CustomerServiceStaffDAO.getCustomerServiceStaff]==> Parameters: 1(Long)
[DEBUG][22-05-05][dao.CustomerServiceStaffDAO.getCustomerServiceStaff]<==      Total: 1
[DEBUG][22-05-05][org.mybatis.spring.SqlSessionUtils]Closing non transactional SqlSession [org.apache.ibatis.session.defaults.DefaultSqlSession@7813cb11]
[DEBUG][22-05-05][org.mybatis.spring.SqlSessionUtils]Creating a new SqlSession
[DEBUG][22-05-05][org.mybatis.spring.SqlSessionUtils]Registering transaction synchronization for SqlSession [org.apache.ibatis.session.defaults.DefaultSqlSession@5491f68b]
[DEBUG][22-05-05][org.mybatis.spring.transaction.SpringManagedTransaction]JDBC Connection [jdbc:mysql://localhost:3306/ssm?rewriteBatchedStatements=true, UserName=root@localhost, MySQL Connector/J] will be managed by Spring
[DEBUG][22-05-05][dao.UserDAO.getUser]==>  Preparing: select id,phone_number,e_mail,pswd,account_number,nice_name,id_number,addresses,baobao,lv from t_user where id=? 
[DEBUG][22-05-05][dao.UserDAO.getUser]==> Parameters: 1(Long)
[DEBUG][22-05-05][dao.UserDAO.getUser]<==      Total: 1
[DEBUG][22-05-05][org.mybatis.spring.SqlSessionUtils]Releasing transactional SqlSession [org.apache.ibatis.session.defaults.DefaultSqlSession@5491f68b]
[DEBUG][22-05-05][org.mybatis.spring.SqlSessionUtils]Transaction synchronization committing SqlSession [org.apache.ibatis.session.defaults.DefaultSqlSession@5491f68b]
[DEBUG][22-05-05][org.mybatis.spring.SqlSessionUtils]Transaction synchronization deregistering SqlSession [org.apache.ibatis.session.defaults.DefaultSqlSession@5491f68b]
[DEBUG][22-05-05][org.mybatis.spring.SqlSessionUtils]Transaction synchronization closing SqlSession [org.apache.ibatis.session.defaults.DefaultSqlSession@5491f68b]
[DEBUG][22-05-05][org.mybatis.spring.SqlSessionUtils]Creating a new SqlSession
[DEBUG][22-05-05][org.mybatis.spring.SqlSessionUtils]SqlSession [org.apache.ibatis.session.defaults.DefaultSqlSession@bcb09a6] was not registered for synchronization because synchronization is not active
[DEBUG][22-05-05][org.mybatis.spring.transaction.SpringManagedTransaction]JDBC Connection [jdbc:mysql://localhost:3306/ssm?rewriteBatchedStatements=true, UserName=root@localhost, MySQL Connector/J] will not be managed by Spring
[DEBUG][22-05-05][dao.SellerDAO.getSeller]==>  Preparing: select id,user_id,score,credibility,store_number from t_seller where id=? 
[DEBUG][22-05-05][dao.SellerDAO.getSeller]==> Parameters: 1(Long)
[DEBUG][22-05-05][dao.SellerDAO.getSeller]<==      Total: 1
[DEBUG][22-05-05][org.mybatis.spring.SqlSessionUtils]Closing non transactional SqlSession [org.apache.ibatis.session.defaults.DefaultSqlSession@bcb09a6]
